2025-09-19 10:06:10,636 - INFO - RANDOM_SEEDS = [3830030564, 3797556757, 1172696490, 1294241498, 2287338859]
2025-09-19 10:06:10,637 - INFO - READING FILE "data/raw/cop26_tweets_en.parquet"
2025-09-19 10:06:10,637 - INFO - TEXT COLUMN NAME "text"
2025-09-19 10:06:14,033 - INFO - getting embeddings from data/processed/cop26_tweets_en.parquet.npy
2025-09-19 10:06:14,865 - INFO - PRECOMPUTED EMBEDDINGS FOUND
2025-09-19 10:06:17,581 - INFO - STARTING PARAMETER SELECTION
2025-09-19 10:06:17,581 - INFO - n_components=50, n_neighbors=15
2025-09-19 10:08:39,611 - INFO - EMBEDDING REDUCED IN 142.0 SECONDS
2025-09-19 10:08:39,612 - INFO - CLUSTERING WITH PARAMETERS: min_cluster_size=np.int64(50), cluster_selection_method='eom'
2025-09-19 10:08:45,874 - INFO - CLUSTERING FINISHED IN 6.3 SECONDS
2025-09-19 10:08:45,874 - INFO - STARTING VALIDATION
2025-09-19 10:10:04,262 - INFO - VALIDATION FINISHED IN 78.4 SECONDS
2025-09-19 10:10:04,263 - INFO - BOTH FINISHED IN 84.7 SECONDS
2025-09-19 10:10:04,263 - INFO - VALIDITY INDEX: 0.3518850880724425
2025-09-19 10:10:04,263 - INFO - CLUSTERING WITH PARAMETERS: min_cluster_size=np.int64(100), cluster_selection_method='eom'
2025-09-19 10:10:10,883 - INFO - CLUSTERING FINISHED IN 6.6 SECONDS
2025-09-19 10:10:10,883 - INFO - STARTING VALIDATION
2025-09-19 10:11:21,904 - INFO - VALIDATION FINISHED IN 71.0 SECONDS
2025-09-19 10:11:21,904 - INFO - BOTH FINISHED IN 77.6 SECONDS
2025-09-19 10:11:21,904 - INFO - VALIDITY INDEX: 0.36806454874080285
2025-09-19 10:11:21,904 - INFO - CLUSTERING WITH PARAMETERS: min_cluster_size=np.int64(150), cluster_selection_method='eom'
2025-09-19 10:11:30,134 - INFO - CLUSTERING FINISHED IN 8.2 SECONDS
2025-09-19 10:11:30,134 - INFO - STARTING VALIDATION
2025-09-19 10:12:58,428 - INFO - VALIDATION FINISHED IN 88.3 SECONDS
2025-09-19 10:12:58,428 - INFO - BOTH FINISHED IN 96.5 SECONDS
2025-09-19 10:12:58,428 - INFO - VALIDITY INDEX: 0.40125395334066016
2025-09-19 10:12:58,428 - INFO - CLUSTERING WITH PARAMETERS: min_cluster_size=np.int64(200), cluster_selection_method='eom'
2025-09-19 10:13:06,684 - INFO - CLUSTERING FINISHED IN 8.3 SECONDS
2025-09-19 10:13:06,684 - INFO - STARTING VALIDATION
2025-09-19 10:14:29,968 - INFO - VALIDATION FINISHED IN 83.3 SECONDS
2025-09-19 10:14:29,968 - INFO - BOTH FINISHED IN 91.5 SECONDS
2025-09-19 10:14:29,968 - INFO - VALIDITY INDEX: 0.38999618558368876
2025-09-19 10:14:29,968 - INFO - CLUSTERING WITH PARAMETERS: min_cluster_size=np.int64(250), cluster_selection_method='eom'
2025-09-19 10:14:38,849 - INFO - CLUSTERING FINISHED IN 8.9 SECONDS
2025-09-19 10:14:38,849 - INFO - STARTING VALIDATION
2025-09-19 10:15:58,052 - INFO - VALIDATION FINISHED IN 79.2 SECONDS
2025-09-19 10:15:58,052 - INFO - BOTH FINISHED IN 88.1 SECONDS
2025-09-19 10:15:58,052 - INFO - VALIDITY INDEX: 0.3914346608922881
2025-09-19 10:15:58,052 - INFO - CLUSTERING WITH PARAMETERS: min_cluster_size=np.int64(300), cluster_selection_method='eom'
2025-09-19 10:16:06,560 - INFO - CLUSTERING FINISHED IN 8.5 SECONDS
2025-09-19 10:16:06,560 - INFO - STARTING VALIDATION
2025-09-19 10:17:39,064 - INFO - VALIDATION FINISHED IN 92.5 SECONDS
2025-09-19 10:17:39,064 - INFO - BOTH FINISHED IN 101.0 SECONDS
2025-09-19 10:17:39,064 - INFO - VALIDITY INDEX: 0.39647989804866046
2025-09-19 10:17:39,064 - INFO - CLUSTERING WITH PARAMETERS: min_cluster_size=np.int64(350), cluster_selection_method='eom'
2025-09-19 10:17:47,988 - INFO - CLUSTERING FINISHED IN 8.9 SECONDS
2025-09-19 10:17:47,988 - INFO - STARTING VALIDATION
2025-09-19 10:19:14,944 - INFO - VALIDATION FINISHED IN 87.0 SECONDS
2025-09-19 10:19:14,944 - INFO - BOTH FINISHED IN 95.9 SECONDS
2025-09-19 10:19:14,944 - INFO - VALIDITY INDEX: 0.38200986925745106
2025-09-19 10:19:14,944 - INFO - CLUSTERING WITH PARAMETERS: min_cluster_size=np.int64(400), cluster_selection_method='eom'
2025-09-19 10:19:24,989 - INFO - CLUSTERING FINISHED IN 10.0 SECONDS
2025-09-19 10:19:24,989 - INFO - STARTING VALIDATION
2025-09-19 10:21:03,597 - INFO - VALIDATION FINISHED IN 98.6 SECONDS
2025-09-19 10:21:03,597 - INFO - BOTH FINISHED IN 108.6 SECONDS
2025-09-19 10:21:03,597 - INFO - VALIDITY INDEX: 0.389531769232757
2025-09-19 10:21:03,597 - INFO - CLUSTERING WITH PARAMETERS: min_cluster_size=np.int64(450), cluster_selection_method='eom'
2025-09-19 10:21:13,558 - INFO - CLUSTERING FINISHED IN 10.0 SECONDS
2025-09-19 10:21:13,559 - INFO - STARTING VALIDATION
2025-09-19 10:22:46,165 - INFO - VALIDATION FINISHED IN 92.6 SECONDS
2025-09-19 10:22:46,165 - INFO - BOTH FINISHED IN 102.6 SECONDS
2025-09-19 10:22:46,165 - INFO - VALIDITY INDEX: 0.39197948144245337
2025-09-19 10:22:46,165 - INFO - CLUSTERING WITH PARAMETERS: min_cluster_size=np.int64(500), cluster_selection_method='eom'
2025-09-19 10:22:57,038 - INFO - CLUSTERING FINISHED IN 10.9 SECONDS
2025-09-19 10:22:57,038 - INFO - STARTING VALIDATION
2025-09-19 10:24:13,452 - INFO - VALIDATION FINISHED IN 76.4 SECONDS
2025-09-19 10:24:13,452 - INFO - BOTH FINISHED IN 87.3 SECONDS
2025-09-19 10:24:13,452 - INFO - VALIDITY INDEX: 0.3772096114804011
2025-09-19 10:24:13,452 - INFO - SEARCHING RANDOM SEED IN [3830030564, 3797556757, 1172696490, 1294241498, 2287338859]
2025-09-19 10:47:48,042 - INFO - Best parameters: n_neighbors=15, n_components=50, min_cluster_size=150, cluster_selection_method=eom, best_avg_validity_value=0.40125395334066016, best seed=1172696490
2025-09-19 10:47:48,796 - INFO - REDUCING EMBEDDINGS
2025-09-19 10:47:48,796 - DEBUG - unique_embeddings.shape = (105383, 768)
2025-09-19 10:50:56,671 - INFO - EMBEDDING REDUCED
2025-09-19 10:50:56,671 - INFO - CREATING TOPIC MODEL...
2025-09-19 10:50:56,696 - BERTopic - Dimensionality - Fitting the dimensionality reduction algorithm
2025-09-19 10:50:56,696 - BERTopic - Dimensionality - Completed ✓
2025-09-19 10:50:56,714 - BERTopic - Cluster - Start clustering the reduced embeddings
2025-09-19 10:50:58,635 - BERTopic - Cluster - Completed ✓
2025-09-19 10:50:58,647 - BERTopic - Representation - Fine-tuning topics using representation models.
2025-09-19 10:51:03,340 - BERTopic - Representation - Completed ✓
2025-09-19 10:51:04,324 - INFO - EVALUATING TOPIC MODEL...
2025-09-19 10:51:04,329 - ERROR - 'list' object has no attribute 'max'
2025-09-19 10:51:04,330 - ERROR - Converting topics to np.ndarray
2025-09-19 10:52:04,254 - INFO - MODEL INFO:
python_version = '3.12.11 (main, Jun  4 2025, 08:56:18) [GCC 9.4.0]'
bertopic_version = '0.17.0'
VALIDITY INDEX: 0.40396682687636837
UMAP Seed: 1172696490
UMAP parameters: n_neighbours = 15, n_components = 50
HDBSCAN parameters: min cluster size = 150, cluster selection method = eom
N TOPICS: 77
NOISE PERCENTAGE: 0.39648709943729066.
2025-09-19 10:52:04,254 - DEBUG - MODEL INFO PATH: ./models/cop26_tweets_en.parquet_model_info.txt
2025-09-19 10:52:04,257 - INFO - VALIDITY INDEX: 0.40396682687636837
2025-09-19 10:52:04,257 - INFO - SAVING TOPIC MODEL...
2025-09-19 10:52:04,257 - DEBUG - MODEL PATH: models/cop26_tweets_en.parquet.topic_model
2025-09-19 10:52:04,302 - INFO - Topic model saved as cop26_tweets_en.parquet.topic_model.
2025-09-19 10:52:04,550 - INFO - N TOPICS: 77.
2025-09-19 10:52:04,560 - INFO - Noise percentage: 39.65%
