2025-09-15 15:42:49,585 - INFO - RANDOM_SEEDS = [3770725438, 4163749666, 2444136174, 232758746, 3857364410]
2025-09-15 15:42:49,586 - INFO - READING FILE "data/raw/covid_tweets_en.parquet"
2025-09-15 15:42:49,586 - INFO - TEXT COLUMN NAME "text"
2025-09-15 15:42:51,995 - INFO - getting embeddings from data/processed/covid_tweets_en.parquet.npy
2025-09-15 15:42:52,668 - INFO - PRECOMPUTED EMBEDDINGS FOUND
2025-09-15 15:43:02,881 - INFO - STARTING PARAMETER SELECTION
2025-09-15 15:43:02,881 - INFO - n_components=50, n_neighbors=15
2025-09-15 16:03:36,271 - INFO - EMBEDDING REDUCED IN 1233.4 SECONDS
2025-09-15 16:03:36,272 - INFO - CLUSTERING WITH PARAMETERS: min_cluster_size=np.int64(50), cluster_selection_method='eom'
2025-09-15 16:04:42,832 - INFO - CLUSTERING FINISHED IN 66.6 SECONDS
2025-09-15 16:04:42,832 - INFO - STARTING VALIDATION
2025-09-15 19:02:01,929 - INFO - VALIDATION FINISHED IN 10639.1 SECONDS
2025-09-15 19:02:01,930 - INFO - BOTH FINISHED IN 10705.7 SECONDS
2025-09-15 19:02:01,930 - INFO - VALIDITY INDEX: 0.2738987757144741
2025-09-15 19:02:01,930 - INFO - CLUSTERING WITH PARAMETERS: min_cluster_size=np.int64(50), cluster_selection_method='leaf'
2025-09-15 19:03:16,455 - INFO - CLUSTERING FINISHED IN 74.5 SECONDS
2025-09-15 19:03:16,456 - INFO - STARTING VALIDATION
2025-09-15 22:05:57,274 - INFO - VALIDATION FINISHED IN 10960.8 SECONDS
2025-09-15 22:05:57,274 - INFO - BOTH FINISHED IN 11035.3 SECONDS
2025-09-15 22:05:57,274 - INFO - VALIDITY INDEX: 0.20959414788091787
2025-09-15 22:05:57,274 - INFO - CLUSTERING WITH PARAMETERS: min_cluster_size=np.int64(100), cluster_selection_method='eom'
2025-09-15 22:07:12,354 - INFO - CLUSTERING FINISHED IN 75.1 SECONDS
2025-09-15 22:07:12,354 - INFO - STARTING VALIDATION
2025-09-15 23:57:09,484 - INFO - VALIDATION FINISHED IN 6597.1 SECONDS
2025-09-15 23:57:09,484 - INFO - BOTH FINISHED IN 6672.2 SECONDS
2025-09-15 23:57:09,484 - INFO - VALIDITY INDEX: 0.2869061037529256
2025-09-15 23:57:09,485 - INFO - CLUSTERING WITH PARAMETERS: min_cluster_size=np.int64(100), cluster_selection_method='leaf'
2025-09-15 23:58:24,573 - INFO - CLUSTERING FINISHED IN 75.1 SECONDS
2025-09-15 23:58:24,573 - INFO - STARTING VALIDATION
2025-09-16 01:21:25,382 - INFO - VALIDATION FINISHED IN 4980.8 SECONDS
2025-09-16 01:21:25,383 - INFO - BOTH FINISHED IN 5055.9 SECONDS
2025-09-16 01:21:25,383 - INFO - VALIDITY INDEX: 0.22198539507269804
2025-09-16 01:21:25,383 - INFO - CLUSTERING WITH PARAMETERS: min_cluster_size=np.int64(150), cluster_selection_method='eom'
2025-09-16 01:22:45,674 - INFO - CLUSTERING FINISHED IN 80.3 SECONDS
2025-09-16 01:22:45,674 - INFO - STARTING VALIDATION
2025-09-16 03:13:27,407 - INFO - VALIDATION FINISHED IN 6641.7 SECONDS
2025-09-16 03:13:27,407 - INFO - BOTH FINISHED IN 6722.0 SECONDS
2025-09-16 03:13:27,408 - INFO - VALIDITY INDEX: 0.28572988587664055
2025-09-16 03:13:27,408 - INFO - CLUSTERING WITH PARAMETERS: min_cluster_size=np.int64(150), cluster_selection_method='leaf'
2025-09-16 03:14:50,757 - INFO - CLUSTERING FINISHED IN 83.3 SECONDS
2025-09-16 03:14:50,758 - INFO - STARTING VALIDATION
2025-09-16 04:18:34,499 - INFO - VALIDATION FINISHED IN 3823.7 SECONDS
2025-09-16 04:18:34,499 - INFO - BOTH FINISHED IN 3907.1 SECONDS
2025-09-16 04:18:34,499 - INFO - VALIDITY INDEX: 0.224187279853917
2025-09-16 04:18:34,499 - INFO - CLUSTERING WITH PARAMETERS: min_cluster_size=np.int64(200), cluster_selection_method='eom'
2025-09-16 04:20:12,658 - INFO - CLUSTERING FINISHED IN 98.2 SECONDS
2025-09-16 04:20:12,658 - INFO - STARTING VALIDATION
2025-09-16 06:18:24,354 - INFO - VALIDATION FINISHED IN 7091.7 SECONDS
2025-09-16 06:18:24,354 - INFO - BOTH FINISHED IN 7189.8 SECONDS
2025-09-16 06:18:24,355 - INFO - VALIDITY INDEX: 0.31054881623375025
2025-09-16 06:18:24,355 - INFO - CLUSTERING WITH PARAMETERS: min_cluster_size=np.int64(200), cluster_selection_method='leaf'
2025-09-16 06:20:08,261 - INFO - CLUSTERING FINISHED IN 103.9 SECONDS
2025-09-16 06:20:08,262 - INFO - STARTING VALIDATION
2025-09-16 07:17:38,756 - INFO - VALIDATION FINISHED IN 3450.5 SECONDS
2025-09-16 07:17:38,756 - INFO - BOTH FINISHED IN 3554.4 SECONDS
2025-09-16 07:17:38,756 - INFO - VALIDITY INDEX: 0.2286964545734076
2025-09-16 07:17:38,756 - INFO - CLUSTERING WITH PARAMETERS: min_cluster_size=np.int64(250), cluster_selection_method='eom'
2025-09-16 07:19:18,765 - INFO - CLUSTERING FINISHED IN 100.0 SECONDS
2025-09-16 07:19:18,766 - INFO - STARTING VALIDATION
2025-09-16 09:42:16,269 - INFO - VALIDATION FINISHED IN 8577.5 SECONDS
2025-09-16 09:42:16,269 - INFO - BOTH FINISHED IN 8677.5 SECONDS
2025-09-16 09:42:16,269 - INFO - VALIDITY INDEX: 0.3343841020861442
2025-09-16 09:42:16,270 - INFO - CLUSTERING WITH PARAMETERS: min_cluster_size=np.int64(250), cluster_selection_method='leaf'
2025-09-16 09:44:00,203 - INFO - CLUSTERING FINISHED IN 103.9 SECONDS
2025-09-16 09:44:00,203 - INFO - STARTING VALIDATION
2025-09-16 10:39:25,942 - INFO - VALIDATION FINISHED IN 3325.7 SECONDS
2025-09-16 10:39:25,942 - INFO - BOTH FINISHED IN 3429.7 SECONDS
2025-09-16 10:39:25,943 - INFO - VALIDITY INDEX: 0.2275070274232534
2025-09-16 10:39:25,943 - INFO - CLUSTERING WITH PARAMETERS: min_cluster_size=np.int64(300), cluster_selection_method='eom'
2025-09-16 10:41:21,968 - INFO - CLUSTERING FINISHED IN 116.0 SECONDS
2025-09-16 10:41:21,968 - INFO - STARTING VALIDATION
2025-09-16 13:00:07,831 - INFO - VALIDATION FINISHED IN 8325.9 SECONDS
2025-09-16 13:00:07,832 - INFO - BOTH FINISHED IN 8441.9 SECONDS
2025-09-16 13:00:07,832 - INFO - VALIDITY INDEX: 0.3260336449209986
2025-09-16 13:00:07,832 - INFO - CLUSTERING WITH PARAMETERS: min_cluster_size=np.int64(300), cluster_selection_method='leaf'
2025-09-16 13:01:53,804 - INFO - CLUSTERING FINISHED IN 106.0 SECONDS
2025-09-16 13:01:53,804 - INFO - STARTING VALIDATION
2025-09-16 13:53:11,596 - INFO - VALIDATION FINISHED IN 3077.8 SECONDS
2025-09-16 13:53:11,597 - INFO - BOTH FINISHED IN 3183.8 SECONDS
2025-09-16 13:53:11,597 - INFO - VALIDITY INDEX: 0.2284751210700473
2025-09-16 13:53:11,597 - INFO - CLUSTERING WITH PARAMETERS: min_cluster_size=np.int64(350), cluster_selection_method='eom'
2025-09-16 13:55:08,340 - INFO - CLUSTERING FINISHED IN 116.7 SECONDS
2025-09-16 13:55:08,340 - INFO - STARTING VALIDATION
2025-09-16 16:12:48,200 - INFO - VALIDATION FINISHED IN 8259.9 SECONDS
2025-09-16 16:12:48,201 - INFO - BOTH FINISHED IN 8376.6 SECONDS
2025-09-16 16:12:48,201 - INFO - VALIDITY INDEX: 0.32901564622014007
2025-09-16 16:12:48,201 - INFO - CLUSTERING WITH PARAMETERS: min_cluster_size=np.int64(350), cluster_selection_method='leaf'
2025-09-16 16:14:40,353 - INFO - CLUSTERING FINISHED IN 112.1 SECONDS
2025-09-16 16:14:40,353 - INFO - STARTING VALIDATION
2025-09-16 17:06:21,503 - INFO - VALIDATION FINISHED IN 3101.1 SECONDS
2025-09-16 17:06:21,503 - INFO - BOTH FINISHED IN 3213.3 SECONDS
2025-09-16 17:06:21,503 - INFO - VALIDITY INDEX: 0.23223824515072716
2025-09-16 17:06:21,503 - INFO - CLUSTERING WITH PARAMETERS: min_cluster_size=np.int64(400), cluster_selection_method='eom'
2025-09-16 17:08:24,503 - INFO - CLUSTERING FINISHED IN 123.0 SECONDS
2025-09-16 17:08:24,503 - INFO - STARTING VALIDATION
2025-09-16 19:18:44,988 - INFO - VALIDATION FINISHED IN 7820.5 SECONDS
2025-09-16 19:18:44,988 - INFO - BOTH FINISHED IN 7943.5 SECONDS
2025-09-16 19:18:44,989 - INFO - VALIDITY INDEX: 0.3205893073876168
2025-09-16 19:18:44,989 - INFO - CLUSTERING WITH PARAMETERS: min_cluster_size=np.int64(400), cluster_selection_method='leaf'
2025-09-16 19:20:47,287 - INFO - CLUSTERING FINISHED IN 122.3 SECONDS
2025-09-16 19:20:47,287 - INFO - STARTING VALIDATION
2025-09-16 20:14:03,925 - INFO - VALIDATION FINISHED IN 3196.6 SECONDS
2025-09-16 20:14:03,925 - INFO - BOTH FINISHED IN 3318.9 SECONDS
2025-09-16 20:14:03,925 - INFO - VALIDITY INDEX: 0.24107141932121437
2025-09-16 20:14:03,925 - INFO - CLUSTERING WITH PARAMETERS: min_cluster_size=np.int64(450), cluster_selection_method='eom'
2025-09-16 20:16:17,963 - INFO - CLUSTERING FINISHED IN 134.0 SECONDS
2025-09-16 20:16:17,963 - INFO - STARTING VALIDATION
2025-09-16 22:25:59,273 - INFO - VALIDATION FINISHED IN 7781.3 SECONDS
2025-09-16 22:25:59,273 - INFO - BOTH FINISHED IN 7915.3 SECONDS
2025-09-16 22:25:59,273 - INFO - VALIDITY INDEX: 0.32876477162168694
2025-09-16 22:25:59,273 - INFO - CLUSTERING WITH PARAMETERS: min_cluster_size=np.int64(450), cluster_selection_method='leaf'
2025-09-16 22:28:11,616 - INFO - CLUSTERING FINISHED IN 132.3 SECONDS
2025-09-16 22:28:11,616 - INFO - STARTING VALIDATION
2025-09-16 23:21:28,309 - INFO - VALIDATION FINISHED IN 3196.7 SECONDS
2025-09-16 23:21:28,310 - INFO - BOTH FINISHED IN 3329.0 SECONDS
2025-09-16 23:21:28,310 - INFO - VALIDITY INDEX: 0.24069037942851743
2025-09-16 23:21:28,310 - INFO - CLUSTERING WITH PARAMETERS: min_cluster_size=np.int64(500), cluster_selection_method='eom'
2025-09-16 23:23:42,220 - INFO - CLUSTERING FINISHED IN 133.9 SECONDS
2025-09-16 23:23:42,221 - INFO - STARTING VALIDATION
2025-09-17 01:29:38,918 - INFO - VALIDATION FINISHED IN 7556.7 SECONDS
2025-09-17 01:29:38,918 - INFO - BOTH FINISHED IN 7690.6 SECONDS
2025-09-17 01:29:38,919 - INFO - VALIDITY INDEX: 0.32641570553709304
2025-09-17 01:29:38,919 - INFO - CLUSTERING WITH PARAMETERS: min_cluster_size=np.int64(500), cluster_selection_method='leaf'
2025-09-17 01:31:59,370 - INFO - CLUSTERING FINISHED IN 140.4 SECONDS
2025-09-17 01:31:59,370 - INFO - STARTING VALIDATION
2025-09-17 02:21:44,580 - INFO - VALIDATION FINISHED IN 2985.2 SECONDS
2025-09-17 02:21:44,580 - INFO - BOTH FINISHED IN 3125.6 SECONDS
2025-09-17 02:21:44,581 - INFO - VALIDITY INDEX: 0.2357516186246289
2025-09-17 02:21:44,581 - INFO - SEARCHING RANDOM SEED IN [3770725438, 4163749666, 2444136174, 232758746, 3857364410]
2025-09-17 06:46:59,946 - INFO - Best parameters: n_neighbors=15, n_components=50, min_cluster_size=250, cluster_selection_method=eom, best_avg_validity_value=0.3343841020861442, best seed=4163749666
2025-09-17 06:47:09,909 - INFO - REDUCING EMBEDDINGS
2025-09-17 06:47:09,909 - DEBUG - unique_embeddings.shape = (545032, 768)
2025-09-17 07:12:27,298 - INFO - EMBEDDING REDUCED
2025-09-17 07:12:27,298 - INFO - CREATING TOPIC MODEL...
2025-09-17 07:12:27,405 - BERTopic - Dimensionality - Fitting the dimensionality reduction algorithm
2025-09-17 07:12:27,406 - BERTopic - Dimensionality - Completed ✓
2025-09-17 07:12:27,486 - BERTopic - Cluster - Start clustering the reduced embeddings
2025-09-17 07:12:46,661 - BERTopic - Cluster - Completed ✓
2025-09-17 07:12:46,721 - BERTopic - Representation - Fine-tuning topics using representation models.
2025-09-17 07:13:16,687 - BERTopic - Representation - Completed ✓
2025-09-17 07:13:19,940 - INFO - EVALUATING TOPIC MODEL...
2025-09-17 07:13:19,969 - ERROR - 'list' object has no attribute 'max'
2025-09-17 07:13:19,969 - ERROR - Converting topics to np.ndarray
2025-09-17 07:40:48,698 - INFO - MODEL INFO:
python_version = '3.12.11 (main, Jun  4 2025, 08:56:18) [GCC 9.4.0]'
bertopic_version = '0.17.0'
VALIDITY INDEX: 0.347464488823529
UMAP Seed: 4163749666
UMAP parameters: n_neighbours = 15, n_components = 50
HDBSCAN parameters: min cluster size = 250, cluster selection method = eom
N TOPICS: 164
NOISE PERCENTAGE: 0.4174378752073273.
2025-09-17 07:40:48,698 - DEBUG - MODEL INFO PATH: ./models/covid_tweets_en.parquet_model_info.txt
2025-09-17 07:40:48,699 - INFO - VALIDITY INDEX: 0.347464488823529
2025-09-17 07:40:48,699 - INFO - SAVING TOPIC MODEL...
2025-09-17 07:40:48,699 - DEBUG - MODEL PATH: models/covid_tweets_en.parquet.topic_model
2025-09-17 07:40:48,860 - INFO - Topic model saved as covid_tweets_en.parquet.topic_model.
2025-09-17 07:40:50,776 - INFO - N TOPICS: 164.
2025-09-17 07:40:50,819 - INFO - Noise percentage: 41.74%
