2025-09-17 07:41:26,488 - INFO - RANDOM_SEEDS = [1487555163, 1499282187, 3384821935]
2025-09-17 07:41:26,489 - INFO - READING FILE "data/raw/ukraine_tweets_en.parquet"
2025-09-17 07:41:26,489 - INFO - TEXT COLUMN NAME "text"
2025-09-17 07:41:28,631 - INFO - getting embeddings from data/processed/ukraine_tweets_en.parquet.npy
2025-09-17 07:41:29,722 - INFO - PRECOMPUTED EMBEDDINGS FOUND
2025-09-17 07:41:46,221 - INFO - STARTING PARAMETER SELECTION
2025-09-17 07:41:46,221 - INFO - n_components=50, n_neighbors=15
2025-09-17 08:04:42,512 - INFO - EMBEDDING REDUCED IN 1376.3 SECONDS
2025-09-17 08:04:42,513 - INFO - CLUSTERING WITH PARAMETERS: min_cluster_size=np.int64(150), cluster_selection_method='eom'
2025-09-17 08:06:01,358 - INFO - CLUSTERING FINISHED IN 78.8 SECONDS
2025-09-17 08:06:01,358 - INFO - STARTING VALIDATION
2025-09-17 08:47:30,970 - INFO - VALIDATION FINISHED IN 2489.6 SECONDS
2025-09-17 08:47:30,970 - INFO - BOTH FINISHED IN 2568.5 SECONDS
2025-09-17 08:47:30,970 - INFO - VALIDITY INDEX: 0.2833569854946831
2025-09-17 08:47:30,970 - INFO - CLUSTERING WITH PARAMETERS: min_cluster_size=np.int64(200), cluster_selection_method='eom'
2025-09-17 08:48:59,982 - INFO - CLUSTERING FINISHED IN 89.0 SECONDS
2025-09-17 08:48:59,982 - INFO - STARTING VALIDATION
2025-09-17 09:31:34,358 - INFO - VALIDATION FINISHED IN 2554.4 SECONDS
2025-09-17 09:31:34,358 - INFO - BOTH FINISHED IN 2643.4 SECONDS
2025-09-17 09:31:34,358 - INFO - VALIDITY INDEX: 0.2880867116898393
2025-09-17 09:31:34,358 - INFO - CLUSTERING WITH PARAMETERS: min_cluster_size=np.int64(250), cluster_selection_method='eom'
2025-09-17 09:33:06,892 - INFO - CLUSTERING FINISHED IN 92.5 SECONDS
2025-09-17 09:33:06,893 - INFO - STARTING VALIDATION
2025-09-17 10:13:53,345 - INFO - VALIDATION FINISHED IN 2446.5 SECONDS
2025-09-17 10:13:53,345 - INFO - BOTH FINISHED IN 2539.0 SECONDS
2025-09-17 10:13:53,345 - INFO - VALIDITY INDEX: 0.28974788817498925
2025-09-17 10:13:53,345 - INFO - CLUSTERING WITH PARAMETERS: min_cluster_size=np.int64(300), cluster_selection_method='eom'
2025-09-17 10:15:33,779 - INFO - CLUSTERING FINISHED IN 100.4 SECONDS
2025-09-17 10:15:33,779 - INFO - STARTING VALIDATION
2025-09-17 10:58:12,288 - INFO - VALIDATION FINISHED IN 2558.5 SECONDS
2025-09-17 10:58:12,288 - INFO - BOTH FINISHED IN 2658.9 SECONDS
2025-09-17 10:58:12,288 - INFO - VALIDITY INDEX: 0.2975749549452383
2025-09-17 10:58:12,288 - INFO - CLUSTERING WITH PARAMETERS: min_cluster_size=np.int64(350), cluster_selection_method='eom'
2025-09-17 10:59:54,990 - INFO - CLUSTERING FINISHED IN 102.7 SECONDS
2025-09-17 10:59:54,990 - INFO - STARTING VALIDATION
2025-09-17 11:42:02,604 - INFO - VALIDATION FINISHED IN 2527.6 SECONDS
2025-09-17 11:42:02,604 - INFO - BOTH FINISHED IN 2630.3 SECONDS
2025-09-17 11:42:02,604 - INFO - VALIDITY INDEX: 0.30219414226693436
2025-09-17 11:42:02,604 - INFO - CLUSTERING WITH PARAMETERS: min_cluster_size=np.int64(400), cluster_selection_method='eom'
2025-09-17 11:43:56,932 - INFO - CLUSTERING FINISHED IN 114.3 SECONDS
2025-09-17 11:43:56,932 - INFO - STARTING VALIDATION
2025-09-17 12:26:53,192 - INFO - VALIDATION FINISHED IN 2576.3 SECONDS
2025-09-17 12:26:53,192 - INFO - BOTH FINISHED IN 2690.6 SECONDS
2025-09-17 12:26:53,192 - INFO - VALIDITY INDEX: 0.3084374582357153
2025-09-17 12:26:53,192 - INFO - CLUSTERING WITH PARAMETERS: min_cluster_size=np.int64(450), cluster_selection_method='eom'
2025-09-17 12:28:50,553 - INFO - CLUSTERING FINISHED IN 117.3 SECONDS
2025-09-17 12:28:50,553 - INFO - STARTING VALIDATION
2025-09-17 13:11:32,784 - INFO - VALIDATION FINISHED IN 2562.2 SECONDS
2025-09-17 13:11:32,784 - INFO - BOTH FINISHED IN 2679.6 SECONDS
2025-09-17 13:11:32,784 - INFO - VALIDITY INDEX: 0.3215678281977694
2025-09-17 13:11:32,784 - INFO - CLUSTERING WITH PARAMETERS: min_cluster_size=np.int64(500), cluster_selection_method='eom'
2025-09-17 13:13:38,630 - INFO - CLUSTERING FINISHED IN 125.8 SECONDS
2025-09-17 13:13:38,630 - INFO - STARTING VALIDATION
2025-09-17 13:56:15,875 - INFO - VALIDATION FINISHED IN 2557.2 SECONDS
2025-09-17 13:56:15,875 - INFO - BOTH FINISHED IN 2683.1 SECONDS
2025-09-17 13:56:15,875 - INFO - VALIDITY INDEX: 0.32487765438193944
2025-09-17 13:56:15,875 - INFO - SEARCHING RANDOM SEED IN [1487555163, 1499282187, 3384821935]
2025-09-17 17:41:59,027 - INFO - Best parameters: n_neighbors=15, n_components=50, min_cluster_size=500, cluster_selection_method=eom, best_avg_validity_value=0.32487765438193944, best seed=1499282187
2025-09-17 17:42:09,473 - INFO - REDUCING EMBEDDINGS
2025-09-17 17:42:09,473 - DEBUG - unique_embeddings.shape = (787872, 768)
2025-09-17 18:23:26,801 - INFO - EMBEDDING REDUCED
2025-09-17 18:23:26,801 - INFO - CREATING TOPIC MODEL...
2025-09-17 18:23:26,969 - BERTopic - Dimensionality - Fitting the dimensionality reduction algorithm
2025-09-17 18:23:26,969 - BERTopic - Dimensionality - Completed ✓
2025-09-17 18:23:27,084 - BERTopic - Cluster - Start clustering the reduced embeddings
2025-09-17 18:24:13,384 - BERTopic - Cluster - Completed ✓
2025-09-17 18:24:13,465 - BERTopic - Representation - Fine-tuning topics using representation models.
2025-09-17 18:24:50,957 - BERTopic - Representation - Completed ✓
2025-09-17 18:24:54,468 - INFO - EVALUATING TOPIC MODEL...
2025-09-17 18:24:54,503 - ERROR - 'list' object has no attribute 'max'
2025-09-17 18:24:54,503 - ERROR - Converting topics to np.ndarray
2025-09-17 18:59:36,861 - INFO - MODEL INFO:
python_version = '3.12.11 (main, Jun  4 2025, 08:56:18) [GCC 9.4.0]'
bertopic_version = '0.17.0'
VALIDITY INDEX: 0.3234852024499435
UMAP Seed: 1499282187
UMAP parameters: n_neighbours = 15, n_components = 50
HDBSCAN parameters: min cluster size = 500, cluster selection method = eom
N TOPICS: 138
NOISE PERCENTAGE: 0.4860561106372609.
2025-09-17 18:59:36,862 - DEBUG - MODEL INFO PATH: ./models/ukraine_tweets_en.parquet_model_info.txt
2025-09-17 18:59:36,862 - INFO - VALIDITY INDEX: 0.3234852024499435
2025-09-17 18:59:36,862 - INFO - SAVING TOPIC MODEL...
2025-09-17 18:59:36,862 - DEBUG - MODEL PATH: models/ukraine_tweets_en.parquet.topic_model
2025-09-17 18:59:37,090 - INFO - Topic model saved as ukraine_tweets_en.parquet.topic_model.
2025-09-17 18:59:40,355 - INFO - N TOPICS: 138.
2025-09-17 18:59:40,421 - INFO - Noise percentage: 48.61%
